<?xml version="1.0" encoding="UTF-8"?>
<testsuite xmlns:xsi="http://www.w3.org/2001/XMLSchema-instance" xsi:noNamespaceSchemaLocation="https://maven.apache.org/surefire/maven-surefire-plugin/xsd/surefire-test-report.xsd" version="3.0.2" name="com.bankafrica.bankingapp.controller.ControllerErrorHandlingTest" time="0.328" tests="13" errors="0" skipped="0" failures="11">
  <properties>
[...]
</properties>
  <testcase name="testRegisterWithServerError" classname="com.bankafrica.bankingapp.controller.ControllerErrorHandlingTest" time="0.012">
    <failure message="Status expected:&lt;500&gt; but was:&lt;400&gt;" type="java.lang.AssertionError"><![CDATA[java.lang.AssertionError: Status expected:<500> but was:<400>
	at org.springframework.test.util.AssertionErrors.fail(AssertionErrors.java:61)
	at org.springframework.test.util.AssertionErrors.assertEquals(AssertionErrors.java:128)
	at org.springframework.test.web.servlet.result.StatusResultMatchers.lambda$matcher$9(StatusResultMatchers.java:640)
	at org.springframework.test.web.servlet.MockMvc$1.andExpect(MockMvc.java:214)
	at com.bankafrica.bankingapp.controller.ControllerErrorHandlingTest.testRegisterWithServerError(ControllerErrorHandlingTest.java:85)
	at java.base/java.lang.reflect.Method.invoke(Method.java:580)
	at java.base/java.util.ArrayList.forEach(ArrayList.java:1596)
	at java.base/java.util.ArrayList.forEach(ArrayList.java:1596)
]]></failure>
    <system-out><![CDATA[2025-08-02T18:35:58.644+02:00  INFO 1614 --- [bankingapp] [           main] t.c.s.AnnotationConfigContextLoaderUtils : Could not detect default configuration classes for test class [com.bankafrica.bankingapp.controller.ControllerErrorHandlingTest]: ControllerErrorHandlingTest does not declare any static, non-private, non-final, nested classes annotated with @Configuration.
2025-08-02T18:35:58.653+02:00  INFO 1614 --- [bankingapp] [           main] .b.t.c.SpringBootTestContextBootstrapper : Found @SpringBootConfiguration com.bankafrica.bankingapp.BankingappApplication for test class com.bankafrica.bankingapp.controller.ControllerErrorHandlingTest
2025-08-02T18:35:58.656+02:00  INFO 1614 --- [bankingapp] [           main] o.s.b.d.r.RestartApplicationListener     : Restart disabled due to context in which it is running

  .   ____          _            __ _ _
 /\\ / ___'_ __ _ _(_)_ __  __ _ \ \ \ \
( ( )\___ | '_ | '_| | '_ \/ _` | \ \ \ \
 \\/  ___)| |_)| | | | | || (_| |  ) ) ) )
  '  |____| .__|_| |_|_| |_\__, | / / / /
 =========|_|==============|___/=/_/_/_/

 :: Spring Boot ::                (v3.5.4)

2025-08-02T18:35:58.677+02:00  INFO 1614 --- [bankingapp] [           main] c.b.b.c.ControllerErrorHandlingTest      : Starting ControllerErrorHandlingTest using Java 21.0.8 with PID 1614 (started by asanda in /Users/asanda/Desktop/java/Bank_Management_system-main-2/bankapp)
2025-08-02T18:35:58.677+02:00  INFO 1614 --- [bankingapp] [           main] c.b.b.c.ControllerErrorHandlingTest      : The following 1 profile is active: "test"
2025-08-02T18:35:58.805+02:00  INFO 1614 --- [bankingapp] [           main] o.s.b.a.w.s.WelcomePageHandlerMapping    : Adding welcome page: class path resource [static/index.html]
2025-08-02T18:35:58.844+02:00  INFO 1614 --- [bankingapp] [           main] o.s.b.t.m.w.SpringBootMockServletContext : Initializing Spring TestDispatcherServlet ''
2025-08-02T18:35:58.844+02:00  INFO 1614 --- [bankingapp] [           main] o.s.t.web.servlet.TestDispatcherServlet  : Initializing Servlet ''
2025-08-02T18:35:58.845+02:00  INFO 1614 --- [bankingapp] [           main] o.s.t.web.servlet.TestDispatcherServlet  : Completed initialization in 1 ms
2025-08-02T18:35:58.851+02:00  INFO 1614 --- [bankingapp] [           main] c.b.b.c.ControllerErrorHandlingTest      : Started ControllerErrorHandlingTest in 0.195 seconds (process running for 6.917)

MockHttpServletRequest:
      HTTP Method = POST
      Request URI = /api/auth/register
       Parameters = {}
          Headers = [Content-Type:"application/json;charset=UTF-8", Content-Length:"170"]
             Body = {"firstName":"John","lastName":"Doe","password":"password123","phoneNumber":"0712345678","initialDeposit":500.0,"idNumber":"9001015000000","email":"john.doe@example.com"}
    Session Attrs = {}

Handler:
             Type = com.bankafrica.bankingapp.controller.AuthController
           Method = com.bankafrica.bankingapp.controller.AuthController#register(Map)

Async:
    Async started = false
     Async result = null

Resolved Exception:
             Type = null

ModelAndView:
        View name = null
             View = null
            Model = null

FlashMap:
       Attributes = null

MockHttpServletResponse:
           Status = 400
    Error message = null
          Headers = [Vary:"Origin", "Access-Control-Request-Method", "Access-Control-Request-Headers", Content-Type:"text/plain;charset=UTF-8", Content-Length:"23"]
     Content type = text/plain;charset=UTF-8
             Body = Unexpected server error
    Forwarded URL = null
   Redirected URL = null
          Cookies = []
]]></system-out>
  </testcase>
  <testcase name="testRegisterWithMissingFields" classname="com.bankafrica.bankingapp.controller.ControllerErrorHandlingTest" time="0.008">
    <failure message="Response content&#10;Expected: a string containing &quot;Required fields missing&quot;&#10;     but: was &quot;Cannot invoke &quot;Object.toString()&quot; because the return value of &quot;java.util.Map.get(Object)&quot; is null&quot;" type="java.lang.AssertionError"><![CDATA[java.lang.AssertionError: 
Response content
Expected: a string containing "Required fields missing"
     but: was "Cannot invoke "Object.toString()" because the return value of "java.util.Map.get(Object)" is null"
	at org.hamcrest.MatcherAssert.assertThat(MatcherAssert.java:20)
	at org.springframework.test.web.servlet.result.ContentResultMatchers.lambda$string$3(ContentResultMatchers.java:141)
	at org.springframework.test.web.servlet.MockMvc$1.andExpect(MockMvc.java:214)
	at com.bankafrica.bankingapp.controller.ControllerErrorHandlingTest.testRegisterWithMissingFields(ControllerErrorHandlingTest.java:60)
	at java.base/java.lang.reflect.Method.invoke(Method.java:580)
	at java.base/java.util.ArrayList.forEach(ArrayList.java:1596)
	at java.base/java.util.ArrayList.forEach(ArrayList.java:1596)
]]></failure>
    <system-out><![CDATA[
MockHttpServletRequest:
      HTTP Method = POST
      Request URI = /api/auth/register
       Parameters = {}
          Headers = [Content-Type:"application/json;charset=UTF-8", Content-Length:"20"]
             Body = {"firstName":"John"}
    Session Attrs = {}

Handler:
             Type = com.bankafrica.bankingapp.controller.AuthController
           Method = com.bankafrica.bankingapp.controller.AuthController#register(Map)

Async:
    Async started = false
     Async result = null

Resolved Exception:
             Type = null

ModelAndView:
        View name = null
             View = null
            Model = null

FlashMap:
       Attributes = null

MockHttpServletResponse:
           Status = 400
    Error message = null
          Headers = [Vary:"Origin", "Access-Control-Request-Method", "Access-Control-Request-Headers", Content-Type:"text/plain;charset=UTF-8", Content-Length:"97"]
     Content type = text/plain;charset=UTF-8
             Body = Cannot invoke "Object.toString()" because the return value of "java.util.Map.get(Object)" is null
    Forwarded URL = null
   Redirected URL = null
          Cookies = []
]]></system-out>
  </testcase>
  <testcase name="testGetProfileWithInvalidIdPathVariable" classname="com.bankafrica.bankingapp.controller.ControllerErrorHandlingTest" time="0.013">
    <failure message="Response content&#10;Expected: a string containing &quot;Invalid user ID format&quot;&#10;     but: was &quot;&quot;" type="java.lang.AssertionError"><![CDATA[java.lang.AssertionError: 
Response content
Expected: a string containing "Invalid user ID format"
     but: was ""
	at org.hamcrest.MatcherAssert.assertThat(MatcherAssert.java:20)
	at org.springframework.test.web.servlet.result.ContentResultMatchers.lambda$string$3(ContentResultMatchers.java:141)
	at org.springframework.test.web.servlet.MockMvc$1.andExpect(MockMvc.java:214)
	at com.bankafrica.bankingapp.controller.ControllerErrorHandlingTest.testGetProfileWithInvalidIdPathVariable(ControllerErrorHandlingTest.java:188)
	at java.base/java.lang.reflect.Method.invoke(Method.java:580)
	at java.base/java.util.ArrayList.forEach(ArrayList.java:1596)
	at java.base/java.util.ArrayList.forEach(ArrayList.java:1596)
]]></failure>
    <system-out><![CDATA[2025-08-02T18:35:58.885+02:00  WARN 1614 --- [bankingapp] [           main] .w.s.m.s.DefaultHandlerExceptionResolver : Resolved [org.springframework.web.method.annotation.MethodArgumentTypeMismatchException: Method parameter 'userId': Failed to convert value of type 'java.lang.String' to required type 'java.lang.Long'; For input string: "invalid-id"]

MockHttpServletRequest:
      HTTP Method = GET
      Request URI = /api/auth/profile/invalid-id
       Parameters = {}
          Headers = []
             Body = null
    Session Attrs = {}

Handler:
             Type = com.bankafrica.bankingapp.controller.AuthController
           Method = com.bankafrica.bankingapp.controller.AuthController#getUserProfile(Long)

Async:
    Async started = false
     Async result = null

Resolved Exception:
             Type = org.springframework.web.method.annotation.MethodArgumentTypeMismatchException

ModelAndView:
        View name = null
             View = null
            Model = null

FlashMap:
       Attributes = null

MockHttpServletResponse:
           Status = 400
    Error message = null
          Headers = [Vary:"Origin", "Access-Control-Request-Method", "Access-Control-Request-Headers"]
     Content type = null
             Body = 
    Forwarded URL = null
   Redirected URL = null
          Cookies = []
]]></system-out>
  </testcase>
  <testcase name="testInvalidJson" classname="com.bankafrica.bankingapp.controller.ControllerErrorHandlingTest" time="0.006">
    <failure message="Response content&#10;Expected: a string containing &quot;Invalid JSON format&quot;&#10;     but: was &quot;&quot;" type="java.lang.AssertionError"><![CDATA[java.lang.AssertionError: 
Response content
Expected: a string containing "Invalid JSON format"
     but: was ""
	at org.hamcrest.MatcherAssert.assertThat(MatcherAssert.java:20)
	at org.springframework.test.web.servlet.result.ContentResultMatchers.lambda$string$3(ContentResultMatchers.java:141)
	at org.springframework.test.web.servlet.MockMvc$1.andExpect(MockMvc.java:214)
	at com.bankafrica.bankingapp.controller.ControllerErrorHandlingTest.testInvalidJson(ControllerErrorHandlingTest.java:222)
	at java.base/java.lang.reflect.Method.invoke(Method.java:580)
	at java.base/java.util.ArrayList.forEach(ArrayList.java:1596)
	at java.base/java.util.ArrayList.forEach(ArrayList.java:1596)
]]></failure>
    <system-out><![CDATA[2025-08-02T18:35:58.893+02:00  WARN 1614 --- [bankingapp] [           main] .w.s.m.s.DefaultHandlerExceptionResolver : Resolved [org.springframework.http.converter.HttpMessageNotReadableException: JSON parse error: Unexpected end-of-input within/between Object entries]

MockHttpServletRequest:
      HTTP Method = POST
      Request URI = /api/auth/register
       Parameters = {}
          Headers = [Content-Type:"application/json;charset=UTF-8", Content-Length:"19"]
             Body = {"invalid": "json",
    Session Attrs = {}

Handler:
             Type = com.bankafrica.bankingapp.controller.AuthController
           Method = com.bankafrica.bankingapp.controller.AuthController#register(Map)

Async:
    Async started = false
     Async result = null

Resolved Exception:
             Type = org.springframework.http.converter.HttpMessageNotReadableException

ModelAndView:
        View name = null
             View = null
            Model = null

FlashMap:
       Attributes = null

MockHttpServletResponse:
           Status = 400
    Error message = null
          Headers = [Vary:"Origin", "Access-Control-Request-Method", "Access-Control-Request-Headers"]
     Content type = null
             Body = 
    Forwarded URL = null
   Redirected URL = null
          Cookies = []
]]></system-out>
  </testcase>
  <testcase name="testGetAccountWithInvalidIdPathVariable" classname="com.bankafrica.bankingapp.controller.ControllerErrorHandlingTest" time="0.007">
    <failure message="Response content&#10;Expected: a string containing &quot;Invalid account ID format&quot;&#10;     but: was &quot;&quot;" type="java.lang.AssertionError"><![CDATA[java.lang.AssertionError: 
Response content
Expected: a string containing "Invalid account ID format"
     but: was ""
	at org.hamcrest.MatcherAssert.assertThat(MatcherAssert.java:20)
	at org.springframework.test.web.servlet.result.ContentResultMatchers.lambda$string$3(ContentResultMatchers.java:141)
	at org.springframework.test.web.servlet.MockMvc$1.andExpect(MockMvc.java:214)
	at com.bankafrica.bankingapp.controller.ControllerErrorHandlingTest.testGetAccountWithInvalidIdPathVariable(ControllerErrorHandlingTest.java:179)
	at java.base/java.lang.reflect.Method.invoke(Method.java:580)
	at java.base/java.util.ArrayList.forEach(ArrayList.java:1596)
	at java.base/java.util.ArrayList.forEach(ArrayList.java:1596)
]]></failure>
    <system-out><![CDATA[2025-08-02T18:35:58.901+02:00  WARN 1614 --- [bankingapp] [           main] .w.s.m.s.DefaultHandlerExceptionResolver : Resolved [org.springframework.web.method.annotation.MethodArgumentTypeMismatchException: Method parameter 'accountId': Failed to convert value of type 'java.lang.String' to required type 'java.lang.Long'; For input string: "invalid-id"]

MockHttpServletRequest:
      HTTP Method = GET
      Request URI = /api/accounts/invalid-id
       Parameters = {}
          Headers = []
             Body = null
    Session Attrs = {}

Handler:
             Type = com.bankafrica.bankingapp.controller.BankingController
           Method = com.bankafrica.bankingapp.controller.BankingController#getAccount(Long)

Async:
    Async started = false
     Async result = null

Resolved Exception:
             Type = org.springframework.web.method.annotation.MethodArgumentTypeMismatchException

ModelAndView:
        View name = null
             View = null
            Model = null

FlashMap:
       Attributes = null

MockHttpServletResponse:
           Status = 400
    Error message = null
          Headers = [Vary:"Origin", "Access-Control-Request-Method", "Access-Control-Request-Headers"]
     Content type = null
             Body = 
    Forwarded URL = null
   Redirected URL = null
          Cookies = []
]]></system-out>
  </testcase>
  <testcase name="testDepositWithInvalidAmountFormat" classname="com.bankafrica.bankingapp.controller.ControllerErrorHandlingTest" time="0.006">
    <failure message="Response content&#10;Expected: a string containing &quot;Invalid amount format&quot;&#10;     but: was &quot;{&quot;error&quot;:&quot;Deposit failed: Character i is neither a decimal digit number, decimal point, nor \&quot;e\&quot; notation exponential mark.&quot;}&quot;" type="java.lang.AssertionError"><![CDATA[java.lang.AssertionError: 
Response content
Expected: a string containing "Invalid amount format"
     but: was "{"error":"Deposit failed: Character i is neither a decimal digit number, decimal point, nor \"e\" notation exponential mark."}"
	at org.hamcrest.MatcherAssert.assertThat(MatcherAssert.java:20)
	at org.springframework.test.web.servlet.result.ContentResultMatchers.lambda$string$3(ContentResultMatchers.java:141)
	at org.springframework.test.web.servlet.MockMvc$1.andExpect(MockMvc.java:214)
	at com.bankafrica.bankingapp.controller.ControllerErrorHandlingTest.testDepositWithInvalidAmountFormat(ControllerErrorHandlingTest.java:134)
	at java.base/java.lang.reflect.Method.invoke(Method.java:580)
	at java.base/java.util.ArrayList.forEach(ArrayList.java:1596)
	at java.base/java.util.ArrayList.forEach(ArrayList.java:1596)
]]></failure>
    <system-out><![CDATA[
MockHttpServletRequest:
      HTTP Method = POST
      Request URI = /api/deposit
       Parameters = {}
          Headers = [Content-Type:"application/json;charset=UTF-8", Content-Length:"41"]
             Body = {"accountId":1,"amount":"invalid-amount"}
    Session Attrs = {}

Handler:
             Type = com.bankafrica.bankingapp.controller.BankingController
           Method = com.bankafrica.bankingapp.controller.BankingController#deposit(Map)

Async:
    Async started = false
     Async result = null

Resolved Exception:
             Type = null

ModelAndView:
        View name = null
             View = null
            Model = null

FlashMap:
       Attributes = null

MockHttpServletResponse:
           Status = 400
    Error message = null
          Headers = [Vary:"Origin", "Access-Control-Request-Method", "Access-Control-Request-Headers", Content-Type:"application/json"]
     Content type = application/json
             Body = {"error":"Deposit failed: Character i is neither a decimal digit number, decimal point, nor \"e\" notation exponential mark."}
    Forwarded URL = null
   Redirected URL = null
          Cookies = []
]]></system-out>
  </testcase>
  <testcase name="testUnsupportedMediaType" classname="com.bankafrica.bankingapp.controller.ControllerErrorHandlingTest" time="0.007">
    <system-out><![CDATA[2025-08-02T18:35:58.918+02:00  WARN 1614 --- [bankingapp] [           main] .w.s.m.s.DefaultHandlerExceptionResolver : Resolved [org.springframework.web.HttpMediaTypeNotSupportedException: Content-Type 'text/plain;charset=UTF-8' is not supported]
]]></system-out>
  </testcase>
  <testcase name="testCreateAccountWithMissingFields" classname="com.bankafrica.bankingapp.controller.ControllerErrorHandlingTest" time="0.006">
    <failure message="Response content&#10;Expected: a string containing &quot;Account holder name is required&quot;&#10;     but: was &quot;{&quot;error&quot;:&quot;Account creation failed: Cannot invoke \&quot;Object.toString()\&quot; because the return value of \&quot;java.util.Map.get(Object)\&quot; is null&quot;}&quot;" type="java.lang.AssertionError"><![CDATA[java.lang.AssertionError: 
Response content
Expected: a string containing "Account holder name is required"
     but: was "{"error":"Account creation failed: Cannot invoke \"Object.toString()\" because the return value of \"java.util.Map.get(Object)\" is null"}"
	at org.hamcrest.MatcherAssert.assertThat(MatcherAssert.java:20)
	at org.springframework.test.web.servlet.result.ContentResultMatchers.lambda$string$3(ContentResultMatchers.java:141)
	at org.springframework.test.web.servlet.MockMvc$1.andExpect(MockMvc.java:214)
	at com.bankafrica.bankingapp.controller.ControllerErrorHandlingTest.testCreateAccountWithMissingFields(ControllerErrorHandlingTest.java:203)
	at java.base/java.lang.reflect.Method.invoke(Method.java:580)
	at java.base/java.util.ArrayList.forEach(ArrayList.java:1596)
	at java.base/java.util.ArrayList.forEach(ArrayList.java:1596)
]]></failure>
    <system-out><![CDATA[
MockHttpServletRequest:
      HTTP Method = POST
      Request URI = /api/accounts
       Parameters = {}
          Headers = [Content-Type:"application/json;charset=UTF-8", Content-Length:"2"]
             Body = {}
    Session Attrs = {}

Handler:
             Type = com.bankafrica.bankingapp.controller.BankingController
           Method = com.bankafrica.bankingapp.controller.BankingController#createAccount(Map)

Async:
    Async started = false
     Async result = null

Resolved Exception:
             Type = null

ModelAndView:
        View name = null
             View = null
            Model = null

FlashMap:
       Attributes = null

MockHttpServletResponse:
           Status = 400
    Error message = null
          Headers = [Vary:"Origin", "Access-Control-Request-Method", "Access-Control-Request-Headers", Content-Type:"application/json"]
     Content type = application/json
             Body = {"error":"Account creation failed: Cannot invoke \"Object.toString()\" because the return value of \"java.util.Map.get(Object)\" is null"}
    Forwarded URL = null
   Redirected URL = null
          Cookies = []
]]></system-out>
  </testcase>
  <testcase name="testUnsupportedHttpMethod" classname="com.bankafrica.bankingapp.controller.ControllerErrorHandlingTest" time="0.008">
    <system-out><![CDATA[2025-08-02T18:35:58.934+02:00  WARN 1614 --- [bankingapp] [           main] .w.s.m.s.DefaultHandlerExceptionResolver : Resolved [org.springframework.web.HttpRequestMethodNotSupportedException: Request method 'POST' is not supported]
]]></system-out>
  </testcase>
  <testcase name="testDepositWithInvalidAccountIdFormat" classname="com.bankafrica.bankingapp.controller.ControllerErrorHandlingTest" time="0.006">
    <failure message="Response content&#10;Expected: a string containing &quot;Invalid account ID format&quot;&#10;     but: was &quot;{&quot;error&quot;:&quot;Deposit failed: For input string: \&quot;invalid-id\&quot;&quot;}&quot;" type="java.lang.AssertionError"><![CDATA[java.lang.AssertionError: 
Response content
Expected: a string containing "Invalid account ID format"
     but: was "{"error":"Deposit failed: For input string: \"invalid-id\""}"
	at org.hamcrest.MatcherAssert.assertThat(MatcherAssert.java:20)
	at org.springframework.test.web.servlet.result.ContentResultMatchers.lambda$string$3(ContentResultMatchers.java:141)
	at org.springframework.test.web.servlet.MockMvc$1.andExpect(MockMvc.java:214)
	at com.bankafrica.bankingapp.controller.ControllerErrorHandlingTest.testDepositWithInvalidAccountIdFormat(ControllerErrorHandlingTest.java:118)
	at java.base/java.lang.reflect.Method.invoke(Method.java:580)
	at java.base/java.util.ArrayList.forEach(ArrayList.java:1596)
	at java.base/java.util.ArrayList.forEach(ArrayList.java:1596)
]]></failure>
    <system-out><![CDATA[
MockHttpServletRequest:
      HTTP Method = POST
      Request URI = /api/deposit
       Parameters = {}
          Headers = [Content-Type:"application/json;charset=UTF-8", Content-Length:"41"]
             Body = {"accountId":"invalid-id","amount":500.0}
    Session Attrs = {}

Handler:
             Type = com.bankafrica.bankingapp.controller.BankingController
           Method = com.bankafrica.bankingapp.controller.BankingController#deposit(Map)

Async:
    Async started = false
     Async result = null

Resolved Exception:
             Type = null

ModelAndView:
        View name = null
             View = null
            Model = null

FlashMap:
       Attributes = null

MockHttpServletResponse:
           Status = 400
    Error message = null
          Headers = [Vary:"Origin", "Access-Control-Request-Method", "Access-Control-Request-Headers", Content-Type:"application/json"]
     Content type = application/json
             Body = {"error":"Deposit failed: For input string: \"invalid-id\""}
    Forwarded URL = null
   Redirected URL = null
          Cookies = []
]]></system-out>
  </testcase>
  <testcase name="testWithdrawWithServerError" classname="com.bankafrica.bankingapp.controller.ControllerErrorHandlingTest" time="0.007">
    <failure message="Status expected:&lt;500&gt; but was:&lt;400&gt;" type="java.lang.AssertionError"><![CDATA[java.lang.AssertionError: Status expected:<500> but was:<400>
	at org.springframework.test.util.AssertionErrors.fail(AssertionErrors.java:61)
	at org.springframework.test.util.AssertionErrors.assertEquals(AssertionErrors.java:128)
	at org.springframework.test.web.servlet.result.StatusResultMatchers.lambda$matcher$9(StatusResultMatchers.java:640)
	at org.springframework.test.web.servlet.MockMvc$1.andExpect(MockMvc.java:214)
	at com.bankafrica.bankingapp.controller.ControllerErrorHandlingTest.testWithdrawWithServerError(ControllerErrorHandlingTest.java:169)
	at java.base/java.lang.reflect.Method.invoke(Method.java:580)
	at java.base/java.util.ArrayList.forEach(ArrayList.java:1596)
	at java.base/java.util.ArrayList.forEach(ArrayList.java:1596)
]]></failure>
    <system-out><![CDATA[
MockHttpServletRequest:
      HTTP Method = POST
      Request URI = /api/withdraw
       Parameters = {}
          Headers = [Content-Type:"application/json;charset=UTF-8", Content-Length:"30"]
             Body = {"accountId":1,"amount":300.0}
    Session Attrs = {}

Handler:
             Type = com.bankafrica.bankingapp.controller.BankingController
           Method = com.bankafrica.bankingapp.controller.BankingController#withdraw(Map)

Async:
    Async started = false
     Async result = null

Resolved Exception:
             Type = null

ModelAndView:
        View name = null
             View = null
            Model = null

FlashMap:
       Attributes = null

MockHttpServletResponse:
           Status = 400
    Error message = null
          Headers = [Vary:"Origin", "Access-Control-Request-Method", "Access-Control-Request-Headers", Content-Type:"application/json"]
     Content type = application/json
             Body = {"error":"Withdrawal failed: Database connection error"}
    Forwarded URL = null
   Redirected URL = null
          Cookies = []
]]></system-out>
  </testcase>
  <testcase name="testLoginWithMissingFields" classname="com.bankafrica.bankingapp.controller.ControllerErrorHandlingTest" time="0.006">
    <failure message="Response content&#10;Expected: a string containing &quot;Email and password are required&quot;&#10;     but: was &quot;Cannot invoke &quot;com.bankafrica.bankingapp.model.User.getId()&quot; because &quot;user&quot; is null&quot;" type="java.lang.AssertionError"><![CDATA[java.lang.AssertionError: 
Response content
Expected: a string containing "Email and password are required"
     but: was "Cannot invoke "com.bankafrica.bankingapp.model.User.getId()" because "user" is null"
	at org.hamcrest.MatcherAssert.assertThat(MatcherAssert.java:20)
	at org.springframework.test.web.servlet.result.ContentResultMatchers.lambda$string$3(ContentResultMatchers.java:141)
	at org.springframework.test.web.servlet.MockMvc$1.andExpect(MockMvc.java:214)
	at com.bankafrica.bankingapp.controller.ControllerErrorHandlingTest.testLoginWithMissingFields(ControllerErrorHandlingTest.java:102)
	at java.base/java.lang.reflect.Method.invoke(Method.java:580)
	at java.base/java.util.ArrayList.forEach(ArrayList.java:1596)
	at java.base/java.util.ArrayList.forEach(ArrayList.java:1596)
]]></failure>
    <system-out><![CDATA[
MockHttpServletRequest:
      HTTP Method = POST
      Request URI = /api/auth/login
       Parameters = {}
          Headers = [Content-Type:"application/json;charset=UTF-8", Content-Length:"32"]
             Body = {"email":"john.doe@example.com"}
    Session Attrs = {}

Handler:
             Type = com.bankafrica.bankingapp.controller.AuthController
           Method = com.bankafrica.bankingapp.controller.AuthController#login(Map)

Async:
    Async started = false
     Async result = null

Resolved Exception:
             Type = null

ModelAndView:
        View name = null
             View = null
            Model = null

FlashMap:
       Attributes = null

MockHttpServletResponse:
           Status = 400
    Error message = null
          Headers = [Vary:"Origin", "Access-Control-Request-Method", "Access-Control-Request-Headers", Content-Type:"text/plain;charset=UTF-8", Content-Length:"83"]
     Content type = text/plain;charset=UTF-8
             Body = Cannot invoke "com.bankafrica.bankingapp.model.User.getId()" because "user" is null
    Forwarded URL = null
   Redirected URL = null
          Cookies = []
]]></system-out>
  </testcase>
  <testcase name="testWithdrawWithMissingFields" classname="com.bankafrica.bankingapp.controller.ControllerErrorHandlingTest" time="0.006">
    <failure message="Response content&#10;Expected: a string containing &quot;Account ID and amount are required&quot;&#10;     but: was &quot;{&quot;error&quot;:&quot;Withdrawal failed: Cannot invoke \&quot;Object.toString()\&quot; because the return value of \&quot;java.util.Map.get(Object)\&quot; is null&quot;}&quot;" type="java.lang.AssertionError"><![CDATA[java.lang.AssertionError: 
Response content
Expected: a string containing "Account ID and amount are required"
     but: was "{"error":"Withdrawal failed: Cannot invoke \"Object.toString()\" because the return value of \"java.util.Map.get(Object)\" is null"}"
	at org.hamcrest.MatcherAssert.assertThat(MatcherAssert.java:20)
	at org.springframework.test.web.servlet.result.ContentResultMatchers.lambda$string$3(ContentResultMatchers.java:141)
	at org.springframework.test.web.servlet.MockMvc$1.andExpect(MockMvc.java:214)
	at com.bankafrica.bankingapp.controller.ControllerErrorHandlingTest.testWithdrawWithMissingFields(ControllerErrorHandlingTest.java:150)
	at java.base/java.lang.reflect.Method.invoke(Method.java:580)
	at java.base/java.util.ArrayList.forEach(ArrayList.java:1596)
	at java.base/java.util.ArrayList.forEach(ArrayList.java:1596)
]]></failure>
    <system-out><![CDATA[
MockHttpServletRequest:
      HTTP Method = POST
      Request URI = /api/withdraw
       Parameters = {}
          Headers = [Content-Type:"application/json;charset=UTF-8", Content-Length:"15"]
             Body = {"accountId":1}
    Session Attrs = {}

Handler:
             Type = com.bankafrica.bankingapp.controller.BankingController
           Method = com.bankafrica.bankingapp.controller.BankingController#withdraw(Map)

Async:
    Async started = false
     Async result = null

Resolved Exception:
             Type = null

ModelAndView:
        View name = null
             View = null
            Model = null

FlashMap:
       Attributes = null

MockHttpServletResponse:
           Status = 400
    Error message = null
          Headers = [Vary:"Origin", "Access-Control-Request-Method", "Access-Control-Request-Headers", Content-Type:"application/json"]
     Content type = application/json
             Body = {"error":"Withdrawal failed: Cannot invoke \"Object.toString()\" because the return value of \"java.util.Map.get(Object)\" is null"}
    Forwarded URL = null
   Redirected URL = null
          Cookies = []
]]></system-out>
  </testcase>
</testsuite>